<?xml version="1.0" encoding="UTF-8"?>
<!-- Generated by org.testng.reporters.JUnitReportReporter -->
<testsuite skipped="0" hostname="LAPTOP-RO33NULJ" name="org.adactin.AdactinUsingTestNg" tests="4" failures="0" timestamp="19 May 2021 06:49:47 GMT" time="12.094" errors="0">
  <testcase name="launchAndLogin" time="4.668" classname="org.adactin.AdactinUsingTestNg"/>
  <testcase name="details" time="3.725" classname="org.adactin.AdactinUsingTestNg"/>
  <testcase name="reviewAndContinue" time="1.437" classname="org.adactin.AdactinUsingTestNg"/>
  <testcase name="paymentAndPersonalDetails" time="2.264" classname="org.adactin.AdactinUsingTestNg"/>
</testsuite> <!-- org.adactin.AdactinUsingTestNg -->
